0 info it worked if it ends with ok
1 verbose cli [ '/home/peaul/.nvm/versions/node/v5.10.1/bin/node',
1 verbose cli   '/home/peaul/.nvm/versions/node/v5.10.1/bin/npm',
1 verbose cli   'version',
1 verbose cli   'patch' ]
2 info using npm@3.8.3
3 info using node@v5.10.1
4 info git [ 'status', '--porcelain' ]
5 verbose stack Error: Git working directory not clean.
5 verbose stack M index.js
5 verbose stack M src/index.coffee
5 verbose stack     at /home/peaul/.nvm/versions/node/v5.10.1/lib/node_modules/npm/lib/version.js:246:19
5 verbose stack     at ChildProcess.exithandler (child_process.js:193:7)
5 verbose stack     at emitTwo (events.js:100:13)
5 verbose stack     at ChildProcess.emit (events.js:185:7)
5 verbose stack     at maybeClose (internal/child_process.js:850:16)
5 verbose stack     at Socket.<anonymous> (internal/child_process.js:323:11)
5 verbose stack     at emitOne (events.js:90:13)
5 verbose stack     at Socket.emit (events.js:182:7)
5 verbose stack     at Pipe._onclose (net.js:475:12)
6 verbose cwd /home/peaul/dev/better-spawn
7 error Linux 3.13.0-37-generic
8 error argv "/home/peaul/.nvm/versions/node/v5.10.1/bin/node" "/home/peaul/.nvm/versions/node/v5.10.1/bin/npm" "version" "patch"
9 error node v5.10.1
10 error npm  v3.8.3
11 error Git working directory not clean.
11 error M index.js
11 error M src/index.coffee
12 error If you need help, you may report this error at:
12 error     <https://github.com/npm/npm/issues>
13 verbose exit [ 1, true ]
